<?xml version="1.0" encoding="UTF-8"?>
<!-- Generated by org.testng.reporters.JUnitXMLReporter -->
<testsuite hostname="DESKTOP-78Q16JN" ignored="0" name="Default test" tests="5" failures="0" timestamp="2020-07-14T00:11:08 CEST" time="10.246" errors="0">
  <testcase name="clickOnBikeLightAndTestCart" time="0.13" classname="id123.SecondPageTest"/>
  <testcase name="clickOnOnesieAndTestCart" time="0.099" classname="id123.SecondPageTest"/>
  <testcase name="testIfOnRightPage" time="0.199" classname="id123.SecondPageTest"/>
  <testcase name="testFirstElementInCart" time="0.134" classname="id123.SecondPageTest"/>
  <testcase name="testSecondElementInCart" time="0.137" classname="id123.SecondPageTest"/>
</testsuite> <!-- Default test -->
