<?xml version="1.0" encoding="UTF-8"?>
<testng-results skipped="0" failed="0" ignored="0" total="5" passed="5">
  <reporter-output>
  </reporter-output>
  <suite name="Default suite" duration-ms="10246" started-at="2020-07-14T00:10:58 CEST" finished-at="2020-07-14T00:11:08 CEST">
    <groups>
    </groups>
    <test name="Default test" duration-ms="10246" started-at="2020-07-14T00:10:58 CEST" finished-at="2020-07-14T00:11:08 CEST">
      <class name="id123.SecondPageTest">
        <test-method status="PASS" signature="setUp()[pri:0, instance:id123.SecondPageTest@72b6cbcc]" name="setUp" is-config="true" duration-ms="9481" started-at="2020-07-14T00:10:58 CEST" finished-at="2020-07-14T00:11:08 CEST">
          <reporter-output>
          </reporter-output>
        </test-method> <!-- setUp -->
        <test-method status="PASS" signature="clickOnBikeLightAndTestCart()[pri:1, instance:id123.SecondPageTest@72b6cbcc]" name="clickOnBikeLightAndTestCart" duration-ms="130" started-at="2020-07-14T00:11:08 CEST" finished-at="2020-07-14T00:11:08 CEST">
          <reporter-output>
          </reporter-output>
        </test-method> <!-- clickOnBikeLightAndTestCart -->
        <test-method status="PASS" signature="clickOnOnesieAndTestCart()[pri:2, instance:id123.SecondPageTest@72b6cbcc]" name="clickOnOnesieAndTestCart" duration-ms="99" started-at="2020-07-14T00:11:08 CEST" finished-at="2020-07-14T00:11:08 CEST">
          <reporter-output>
          </reporter-output>
        </test-method> <!-- clickOnOnesieAndTestCart -->
        <test-method status="PASS" signature="testIfOnRightPage()[pri:3, instance:id123.SecondPageTest@72b6cbcc]" name="testIfOnRightPage" duration-ms="199" started-at="2020-07-14T00:11:08 CEST" finished-at="2020-07-14T00:11:08 CEST">
          <reporter-output>
          </reporter-output>
        </test-method> <!-- testIfOnRightPage -->
        <test-method status="PASS" signature="testFirstElementInCart()[pri:4, instance:id123.SecondPageTest@72b6cbcc]" name="testFirstElementInCart" duration-ms="134" started-at="2020-07-14T00:11:08 CEST" finished-at="2020-07-14T00:11:08 CEST">
          <reporter-output>
          </reporter-output>
        </test-method> <!-- testFirstElementInCart -->
        <test-method status="PASS" signature="testSecondElementInCart()[pri:5, instance:id123.SecondPageTest@72b6cbcc]" name="testSecondElementInCart" duration-ms="137" started-at="2020-07-14T00:11:08 CEST" finished-at="2020-07-14T00:11:08 CEST">
          <reporter-output>
          </reporter-output>
        </test-method> <!-- testSecondElementInCart -->
      </class> <!-- id123.SecondPageTest -->
    </test> <!-- Default test -->
  </suite> <!-- Default suite -->
</testng-results>
